Date,Username,Proccess,PID,Syscall,Latency,File,Return Value
level="info" Date="Thu, 30 May 2024 11:24:26 CEST" File="/etc/hosts" Latency (ms)="19" PID="4449" Proccess="DNS Resolver #6" Return value="61" Syscall="Openat" User="dani"
level="info" Date="Thu, 30 May 2024 11:24:37 CEST" File="/etc/hosts" Latency (ms)="4" PID="4449" Proccess="DNS Resolver #5" Return value="80" Syscall="Openat" User="dani"
level="info" Date="Thu, 30 May 2024 11:24:38 CEST" File="/etc/hosts" Latency (ms)="5" PID="4449" Proccess="DNS Resolver #3" Return value="81" Syscall="Openat" User="dani"
level="warning" Date="Thu, 30 May 2024 11:24:43 CEST" File="/etc/shadow" Latency (ms)="2" PID="10967" Proccess="cat" Return value="-13" Syscall="Openat" User="dani"
level="info" Date="Thu, 30 May 2024 11:24:56 CEST" File="/etc/hosts" Latency (ms)="12" PID="4449" Proccess="DNS Resolver #4" Return value="61" Syscall="Openat" User="dani"
level="info" Date="Thu, 30 May 2024 11:25:19 CEST" File="/etc/hosts" Latency (ms)="8" PID="4449" Proccess="DNS Resolver #2" Return value="61" Syscall="Openat" User="dani"
level="info" Date="Thu, 30 May 2024 11:25:26 CEST" File="/etc/hosts" Latency (ms)="13" PID="4449" Proccess="DNS Resolver #1" Return value="49" Syscall="Openat" User="dani"
level="info" Date="Thu, 30 May 2024 11:25:54 CEST" File="/etc/hosts" Latency (ms)="6" PID="4449" Proccess="DNS Resolver #7" Return value="49" Syscall="Openat" User="dani"
level="info" Date="Thu, 30 May 2024 11:25:54 CEST" File="/etc/hosts" Latency (ms)="6" PID="4449" Proccess="DNS Resolver #6" Return value="49" Syscall="Openat" User="dani"
level="info" Date="Thu, 30 May 2024 11:25:56 CEST" File="/etc/hosts" Latency (ms)="5" PID="4449" Proccess="DNS Resolver #5" Return value="61" Syscall="Openat" User="dani"
level="info" Date="Thu, 30 May 2024 11:25:58 CEST" File="/etc/hosts" Latency (ms)="5" PID="4449" Proccess="DNS Resolver #3" Return value="81" Syscall="Openat" User="dani"
level="info" Date="Thu, 30 May 2024 11:25:58 CEST" File="/etc/hosts" Latency (ms)="6" PID="4449" Proccess="DNS Resolver #4" Return value="81" Syscall="Openat" User="dani"
level="info" Date="Thu, 30 May 2024 11:26:26 CEST" File="/etc/hosts" Latency (ms)="6" PID="4449" Proccess="DNS Resolver #2" Return value="75" Syscall="Openat" User="dani"
level="info" Date="Thu, 30 May 2024 11:26:28 CEST" File="/etc/hosts" Latency (ms)="5" PID="4449" Proccess="DNS Resolver #1" Return value="80" Syscall="Openat" User="dani"
level="info" Date="Thu, 30 May 2024 11:26:40 CEST" File="/etc/hosts" Latency (ms)="6" PID="4449" Proccess="DNS Resolver #7" Return value="49" Syscall="Openat" User="dani"
level="info" Date="Thu, 30 May 2024 11:26:40 CEST" File="/etc/hosts" Latency (ms)="5" PID="4449" Proccess="DNS Resolver #6" Return value="49" Syscall="Openat" User="dani"
level="info" Date="Thu, 30 May 2024 11:26:51 CEST" File="/etc/hosts" Latency (ms)="17" PID="4449" Proccess="DNS Resolver #5" Return value="80" Syscall="Openat" User="dani"
level="info" Date="Thu, 30 May 2024 11:26:51 CEST" File="/etc/hosts" Latency (ms)="38" PID="4449" Proccess="DNS Resolver #3" Return value="80" Syscall="Openat" User="dani"
level="info" Date="Thu, 30 May 2024 11:26:51 CEST" File="/etc/hosts" Latency (ms)="21" PID="4449" Proccess="DNS Resolver #4" Return value="87" Syscall="Openat" User="dani"
level="info" Date="Thu, 30 May 2024 11:26:51 CEST" File="/etc/hosts" Latency (ms)="10" PID="4449" Proccess="DNS Resolver #2" Return value="87" Syscall="Openat" User="dani"
level="info" Date="Thu, 30 May 2024 11:26:51 CEST" File="/etc/hosts" Latency (ms)="11" PID="4449" Proccess="DNS Resolver #1" Return value="87" Syscall="Openat" User="dani"
level="info" Date="Thu, 30 May 2024 11:26:51 CEST" File="/etc/hosts" Latency (ms)="18" PID="4449" Proccess="DNS Resolver #7" Return value="87" Syscall="Openat" User="dani"
level="info" Date="Thu, 30 May 2024 11:26:51 CEST" File="/etc/hosts" Latency (ms)="6" PID="4449" Proccess="DNS Resolver #6" Return value="87" Syscall="Openat" User="dani"
level="info" Date="Thu, 30 May 2024 11:26:52 CEST" File="/etc/hosts" Latency (ms)="9" PID="4449" Proccess="DNS Resolver #5" Return value="87" Syscall="Openat" User="dani"
level="info" Date="Thu, 30 May 2024 11:26:52 CEST" File="/etc/hosts" Latency (ms)="7" PID="4449" Proccess="DNS Resolver #4" Return value="87" Syscall="Openat" User="dani"
level="info" Date="Thu, 30 May 2024 11:26:52 CEST" File="/etc/hosts" Latency (ms)="7" PID="4449" Proccess="DNS Resolver #2" Return value="106" Syscall="Openat" User="dani"
level="info" Date="Thu, 30 May 2024 11:26:52 CEST" File="/etc/hosts" Latency (ms)="7" PID="4449" Proccess="DNS Resolver #2" Return value="106" Syscall="Openat" User="dani"
level="info" Date="Thu, 30 May 2024 11:26:52 CEST" File="/etc/hosts" Latency (ms)="24" PID="4449" Proccess="DNS Resolver #1" Return value="75" Syscall="Openat" User="dani"
level="info" Date="Thu, 30 May 2024 11:26:52 CEST" File="/etc/hosts" Latency (ms)="9" PID="4449" Proccess="DNS Resolver #7" Return value="87" Syscall="Openat" User="dani"
level="info" Date="Thu, 30 May 2024 11:26:54 CEST" File="/etc/hosts" Latency (ms)="5" PID="4449" Proccess="DNS Resolver #6" Return value="142" Syscall="Openat" User="dani"
level="info" Date="Thu, 30 May 2024 11:26:55 CEST" File="/etc/hosts" Latency (ms)="7" PID="4449" Proccess="DNS Resolver #5" Return value="142" Syscall="Openat" User="dani"
level="info" Date="Thu, 30 May 2024 11:26:56 CEST" File="/etc/hosts" Latency (ms)="12" PID="4449" Proccess="DNS Resolver #4" Return value="61" Syscall="Openat" User="dani"
level="info" Date="Thu, 30 May 2024 11:26:59 CEST" File="/etc/hosts" Latency (ms)="13" PID="4449" Proccess="DNS Resolver #2" Return value="61" Syscall="Openat" User="dani"
level="info" Date="Thu, 30 May 2024 11:26:59 CEST" File="/etc/hosts" Latency (ms)="8" PID="4449" Proccess="DNS Resolver #3" Return value="81" Syscall="Openat" User="dani"
level="info" Date="Thu, 30 May 2024 11:26:59 CEST" File="/etc/hosts" Latency (ms)="6" PID="4449" Proccess="DNS Resolver #1" Return value="142" Syscall="Openat" User="dani"
level="info" Date="Thu, 30 May 2024 11:26:59 CEST" File="/etc/hosts" Latency (ms)="6" PID="4449" Proccess="DNS Resolver #7" Return value="146" Syscall="Openat" User="dani"
level="info" Date="Thu, 30 May 2024 11:27:00 CEST" File="/etc/hosts" Latency (ms)="7" PID="4449" Proccess="DNS Resolver #6" Return value="151" Syscall="Openat" User="dani"
level="info" Date="Thu, 30 May 2024 11:27:18 CEST" File="/etc/hosts" Latency (ms)="6" PID="4449" Proccess="DNS Resolver #5" Return value="49" Syscall="Openat" User="dani"
level="info" Date="Thu, 30 May 2024 11:27:18 CEST" File="/etc/hosts" Latency (ms)="4" PID="4449" Proccess="DNS Resolver #4" Return value="81" Syscall="Openat" User="dani"
level="info" Date="Thu, 30 May 2024 11:27:26 CEST" File="/etc/hosts" Latency (ms)="6" PID="4449" Proccess="DNS Resolver #2" Return value="80" Syscall="Openat" User="dani"
level="info" Date="Thu, 30 May 2024 11:27:29 CEST" File="/etc/hosts" Latency (ms)="5" PID="4449" Proccess="DNS Resolver #3" Return value="80" Syscall="Openat" User="dani"
level="info" Date="Thu, 30 May 2024 11:27:29 CEST" File="/etc/hosts" Latency (ms)="5" PID="4449" Proccess="DNS Resolver #7" Return value="80" Syscall="Openat" User="dani"
level="info" Date="Thu, 30 May 2024 11:27:33 CEST" File="/etc/hosts" Latency (ms)="12" PID="4449" Proccess="DNS Resolver #6" Return value="80" Syscall="Openat" User="dani"
level="info" Date="Thu, 30 May 2024 11:27:45 CEST" File="/etc/hosts" Latency (ms)="6" PID="4449" Proccess="DNS Resolver #1" Return value="49" Syscall="Openat" User="dani"
level="info" Date="Thu, 30 May 2024 11:27:56 CEST" File="/etc/hosts" Latency (ms)="14" PID="4449" Proccess="DNS Resolver #4" Return value="142" Syscall="Openat" User="dani"
level="info" Date="Thu, 30 May 2024 11:27:58 CEST" File="/etc/hosts" Latency (ms)="7" PID="4449" Proccess="DNS Resolver #5" Return value="142" Syscall="Openat" User="dani"
level="info" Date="Thu, 30 May 2024 11:27:58 CEST" File="/etc/hosts" Latency (ms)="6" PID="4449" Proccess="DNS Resolver #2" Return value="142" Syscall="Openat" User="dani"
level="info" Date="Thu, 30 May 2024 11:27:58 CEST" File="/etc/hosts" Latency (ms)="6" PID="4449" Proccess="DNS Resolver #3" Return value="142" Syscall="Openat" User="dani"
level="info" Date="Thu, 30 May 2024 11:28:00 CEST" File="/etc/hosts" Latency (ms)="7" PID="4449" Proccess="DNS Resolver #7" Return value="142" Syscall="Openat" User="dani"
level="info" Date="Thu, 30 May 2024 11:28:02 CEST" File="/etc/hosts" Latency (ms)="13" PID="4449" Proccess="DNS Resolver #6" Return value="142" Syscall="Openat" User="dani"
level="info" Date="Thu, 30 May 2024 11:28:06 CEST" File="/etc/hosts" Latency (ms)="26" PID="4449" Proccess="DNS Resolver #1" Return value="80" Syscall="Openat" User="dani"
level="info" Date="Thu, 30 May 2024 11:28:07 CEST" File="/etc/hosts" Latency (ms)="6" PID="4449" Proccess="DNS Resolver #4" Return value="80" Syscall="Openat" User="dani"
level="info" Date="Thu, 30 May 2024 11:28:13 CEST" File="/etc/hosts" Latency (ms)="6" PID="4449" Proccess="DNS Resolver #5" Return value="80" Syscall="Openat" User="dani"
level="info" Date="Thu, 30 May 2024 11:28:15 CEST" File="/etc/hosts" Latency (ms)="7" PID="4449" Proccess="DNS Resolver #2" Return value="137" Syscall="Openat" User="dani"
level="info" Date="Thu, 30 May 2024 11:28:15 CEST" File="/etc/hosts" Latency (ms)="33" PID="4449" Proccess="DNS Resolver #3" Return value="137" Syscall="Openat" User="dani"
level="info" Date="Thu, 30 May 2024 11:28:16 CEST" File="/etc/hosts" Latency (ms)="6" PID="4449" Proccess="DNS Resolver #7" Return value="137" Syscall="Openat" User="dani"
level="info" Date="Thu, 30 May 2024 11:28:19 CEST" File="/etc/hosts" Latency (ms)="6" PID="4449" Proccess="DNS Resolver #6" Return value="137" Syscall="Openat" User="dani"
level="info" Date="Thu, 30 May 2024 11:28:21 CEST" File="/etc/hosts" Latency (ms)="16" PID="4449" Proccess="DNS Resolver #1" Return value="139" Syscall="Openat" User="dani"
level="info" Date="Thu, 30 May 2024 11:28:39 CEST" File="/etc/hosts" Latency (ms)="5" PID="4449" Proccess="DNS Resolver #4" Return value="49" Syscall="Openat" User="dani"
level="info" Date="Thu, 30 May 2024 11:28:46 CEST" File="/etc/hosts" Latency (ms)="7" PID="4449" Proccess="DNS Resolver #5" Return value="61" Syscall="Openat" User="dani"
level="info" Date="Thu, 30 May 2024 11:28:51 CEST" File="/etc/hosts" Latency (ms)="11" PID="4449" Proccess="DNS Resolver #2" Return value="81" Syscall="Openat" User="dani"
level="info" Date="Thu, 30 May 2024 11:28:51 CEST" File="/etc/hosts" Latency (ms)="5" PID="4449" Proccess="DNS Resolver #3" Return value="81" Syscall="Openat" User="dani"
level="info" Date="Thu, 30 May 2024 11:28:51 CEST" File="/etc/hosts" Latency (ms)="174" PID="4449" Proccess="DNS Resolver #7" Return value="81" Syscall="Openat" User="dani"
level="info" Date="Thu, 30 May 2024 11:28:51 CEST" File="/etc/hosts" Latency (ms)="9" PID="4449" Proccess="DNS Resolver #6" Return value="81" Syscall="Openat" User="dani"
level="info" Date="Thu, 30 May 2024 11:28:56 CEST" File="/etc/hosts" Latency (ms)="7" PID="4449" Proccess="DNS Resolver #1" Return value="142" Syscall="Openat" User="dani"
level="info" Date="Thu, 30 May 2024 11:28:56 CEST" File="/etc/hosts" Latency (ms)="5" PID="4449" Proccess="DNS Resolver #4" Return value="146" Syscall="Openat" User="dani"
level="info" Date="Thu, 30 May 2024 11:28:56 CEST" File="/etc/hosts" Latency (ms)="14" PID="4449" Proccess="DNS Resolver #5" Return value="146" Syscall="Openat" User="dani"
level="info" Date="Thu, 30 May 2024 11:28:57 CEST" File="/etc/passwd" Latency (ms)="3" PID="11693" Proccess="vim" Return value="3" Syscall="Openat" User="dani"
level="info" Date="Thu, 30 May 2024 11:28:57 CEST" File="/etc/hosts" Latency (ms)="2" PID="11693" Proccess="vim" Return value="3" Syscall="Openat" User="dani"
level="info" Date="Thu, 30 May 2024 11:28:57 CEST" File="/etc/hosts" Latency (ms)="2" PID="11693" Proccess="vim" Return value="3" Syscall="Openat" User="dani"
level="info" Date="Thu, 30 May 2024 11:28:58 CEST" File="/etc/passwd" Latency (ms)="3" PID="6814" Proccess="konsole" Return value="14" Syscall="Openat" User="dani"
level="info" Date="Thu, 30 May 2024 11:28:58 CEST" File="/etc/passwd" Latency (ms)="2" PID="6814" Proccess="konsole" Return value="14" Syscall="Openat" User="dani"
level="info" Date="Thu, 30 May 2024 11:29:18 CEST" File="/etc/hosts" Latency (ms)="10" PID="4449" Proccess="DNS Resolver #2" Return value="49" Syscall="Openat" User="dani"
level="info" Date="Thu, 30 May 2024 11:29:26 CEST" File="/etc/hosts" Latency (ms)="8" PID="4449" Proccess="DNS Resolver #3" Return value="61" Syscall="Openat" User="dani"
level="warning" Date="Thu, 30 May 2024 11:29:47 CEST" File="/etc/hosts" Latency (ms)="3" PID="11803" Proccess="tee" Return value="-13" Syscall="Openat" User="dani"
level="info" Date="Thu, 30 May 2024 11:29:47 CEST" File="/etc/passwd" Latency (ms)="3" PID="6814" Proccess="konsole" Return value="14" Syscall="Openat" User="dani"
level="info" Date="Thu, 30 May 2024 11:29:47 CEST" File="/etc/passwd" Latency (ms)="1" PID="6814" Proccess="konsole" Return value="14" Syscall="Openat" User="dani"
level="info" Date="Thu, 30 May 2024 11:29:56 CEST" File="/etc/hosts" Latency (ms)="6" PID="4449" Proccess="DNS Resolver #7" Return value="49" Syscall="Openat" User="dani"
level="info" Date="Thu, 30 May 2024 11:29:56 CEST" File="/etc/hosts" Latency (ms)="5" PID="4449" Proccess="DNS Resolver #6" Return value="61" Syscall="Openat" User="dani"
level="info" Date="Thu, 30 May 2024 11:29:58 CEST" File="/etc/hosts" Latency (ms)="7" PID="4449" Proccess="DNS Resolver #4" Return value="87" Syscall="Openat" User="dani"
level="info" Date="Thu, 30 May 2024 11:30:01 CEST" File="/etc/passwd" Latency (ms)="2" PID="11878" Proccess="cron" Return value="7" Syscall="Openat" User="root"
level="info" Date="Thu, 30 May 2024 11:30:01 CEST" File="/etc/shadow" Latency (ms)="2" PID="11878" Proccess="cron" Return value="7" Syscall="Openat" User="root"
level="info" Date="Thu, 30 May 2024 11:30:01 CEST" File="/etc/passwd" Latency (ms)="6" PID="11878" Proccess="cron" Return value="7" Syscall="Openat" User="root"
level="info" Date="Thu, 30 May 2024 11:30:01 CEST" File="/etc/group" Latency (ms)="4" PID="11878" Proccess="cron" Return value="7" Syscall="Openat" User="root"
level="info" Date="Thu, 30 May 2024 11:30:01 CEST" File="/etc/group" Latency (ms)="3" PID="11878" Proccess="cron" Return value="7" Syscall="Openat" User="root"
level="info" Date="Thu, 30 May 2024 11:30:01 CEST" File="/etc/passwd" Latency (ms)="3" PID="11878" Proccess="cron" Return value="7" Syscall="Openat" User="root"
level="info" Date="Thu, 30 May 2024 11:30:01 CEST" File="/etc/passwd" Latency (ms)="3" PID="11878" Proccess="cron" Return value="7" Syscall="Openat" User="root"
level="info" Date="Thu, 30 May 2024 11:30:01 CEST" File="/etc/passwd" Latency (ms)="2" PID="11878" Proccess="cron" Return value="7" Syscall="Openat" User="root"
level="info" Date="Thu, 30 May 2024 11:30:01 CEST" File="/etc/passwd" Latency (ms)="6" PID="11878" Proccess="cron" Return value="7" Syscall="Openat" User="root"
level="info" Date="Thu, 30 May 2024 11:30:01 CEST" File="/etc/group" Latency (ms)="3" PID="11879" Proccess="cron" Return value="3" Syscall="Openat" User="root"
level="info" Date="Thu, 30 May 2024 11:30:11 CEST" File="/etc/hosts" Latency (ms)="4" PID="2590" Proccess="code" Return value="68" Syscall="Openat" User="dani"
level="info" Date="Thu, 30 May 2024 11:30:12 CEST" File="/etc/hosts" Latency (ms)="4" PID="2590" Proccess="code" Return value="68" Syscall="Openat" User="dani"
level="info" Date="Thu, 30 May 2024 11:30:15 CEST" File="/etc/hosts" Latency (ms)="6" PID="4449" Proccess="DNS Resolver #5" Return value="80" Syscall="Openat" User="dani"
